# JRE version: OpenJDK Runtime Environment Microsoft-8902769 (17.0.10+7) (build 17.0.10+7-LTS)
# Java VM: OpenJDK 64-Bit Server VM Microsoft-8902769 (17.0.10+7-LTS, mixed mode, sharing, tiered, compressed oops, compressed class ptrs, g1 gc, windows-amd64)
GC Precious Log:
 CPUs: 12 total, 12 available
 Memory: 7916M
 Large Page Support: Disabled
 NUMA Support: Disabled
 Compressed Oops: Enabled (32-bit)
 Heap Region Size: 1M
 Heap Min Capacity: 8M
 Heap Initial Capacity: 124M
 Heap Max Capacity: 2G
 Pre-touch: Disabled
 Parallel Workers: 10
 Concurrent Workers: 3
 Concurrent Refinement Workers: 10
 Periodic GC: Disabled
Heap:
 garbage-first heap   total 444416K, used 328617K [0x0000000080000000, 0x0000000100000000)
  region size 1024K, 173 young (177152K), 2 survivors (2048K)
 Metaspace       used 145851K, committed 146560K, reserved 1179648K
  class space    used 19450K, committed 19776K, reserved 1048576K
GC Heap History (20 events):
Event: 21.820 GC heap before
{Heap before GC invocations=37 (full 0):
 garbage-first heap   total 176128K, used 152523K [0x0000000080000000, 0x0000000100000000)
  region size 1024K, 55 young (56320K), 5 survivors (5120K)
 Metaspace       used 100219K, committed 100928K, reserved 1179648K
  class space    used 14494K, committed 14848K, reserved 1048576K
}
Event: 21.826 GC heap after
{Heap after GC invocations=38 (full 0):
 garbage-first heap   total 176128K, used 103432K [0x0000000080000000, 0x0000000100000000)
  region size 1024K, 4 young (4096K), 4 survivors (4096K)
 Metaspace       used 100219K, committed 100928K, reserved 1179648K
  class space    used 14494K, committed 14848K, reserved 1048576K
}
Event: 22.002 GC heap before
{Heap before GC invocations=39 (full 0):
 garbage-first heap   total 181248K, used 150536K [0x0000000080000000, 0x0000000100000000)
  region size 1024K, 49 young (50176K), 4 survivors (4096K)
 Metaspace       used 100518K, committed 101248K, reserved 1179648K
  class space    used 14502K, committed 14848K, reserved 1048576K
}
Event: 22.018 GC heap after
{Heap after GC invocations=40 (full 0):
 garbage-first heap   total 181248K, used 110553K [0x0000000080000000, 0x0000000100000000)
  region size 1024K, 7 young (7168K), 7 survivors (7168K)
 Metaspace       used 100518K, committed 101248K, reserved 1179648K
  class space    used 14502K, committed 14848K, reserved 1048576K
}
Event: 22.021 GC heap before
{Heap before GC invocations=40 (full 0):
 garbage-first heap   total 181248K, used 111577K [0x0000000080000000, 0x0000000100000000)
  region size 1024K, 8 young (8192K), 7 survivors (7168K)
 Metaspace       used 100518K, committed 101248K, reserved 1179648K
  class space    used 14502K, committed 14848K, reserved 1048576K
}
Event: 22.027 GC heap after
{Heap after GC invocations=41 (full 0):
 garbage-first heap   total 181248K, used 111275K [0x0000000080000000, 0x0000000100000000)
  region size 1024K, 1 young (1024K), 1 survivors (1024K)
 Metaspace       used 100518K, committed 101248K, reserved 1179648K
  class space    used 14502K, committed 14848K, reserved 1048576K
}
Event: 22.136 GC heap before
{Heap before GC invocations=41 (full 0):
 garbage-first heap   total 181248K, used 147115K [0x0000000080000000, 0x0000000100000000)
  region size 1024K, 36 young (36864K), 1 survivors (1024K)
 Metaspace       used 100520K, committed 101248K, reserved 1179648K
  class space    used 14502K, committed 14848K, reserved 1048576K
}
Event: 22.144 GC heap after
{Heap after GC invocations=42 (full 0):
 garbage-first heap   total 181248K, used 121801K [0x0000000080000000, 0x0000000100000000)
  region size 1024K, 5 young (5120K), 5 survivors (5120K)
 Metaspace       used 100520K, committed 101248K, reserved 1179648K
  class space    used 14502K, committed 14848K, reserved 1048576K
}
Event: 22.408 GC heap before
{Heap before GC invocations=42 (full 0):
 garbage-first heap   total 181248K, used 146377K [0x0000000080000000, 0x0000000100000000)
  region size 1024K, 30 young (30720K), 5 survivors (5120K)
 Metaspace       used 102291K, committed 103040K, reserved 1179648K
  class space    used 14734K, committed 15104K, reserved 1048576K
}
Event: 22.414 GC heap after
{Heap after GC invocations=43 (full 0):
 garbage-first heap   total 181248K, used 125009K [0x0000000080000000, 0x0000000100000000)
  region size 1024K, 3 young (3072K), 3 survivors (3072K)
 Metaspace       used 102291K, committed 103040K, reserved 1179648K
  class space    used 14734K, committed 15104K, reserved 1048576K
}
Event: 22.601 GC heap before
{Heap before GC invocations=43 (full 0):
 garbage-first heap   total 181248K, used 140369K [0x0000000080000000, 0x0000000100000000)
  region size 1024K, 20 young (20480K), 3 survivors (3072K)
 Metaspace       used 104422K, committed 105152K, reserved 1179648K
  class space    used 14969K, committed 15296K, reserved 1048576K
}
Event: 22.604 GC heap after
{Heap after GC invocations=44 (full 0):
 garbage-first heap   total 181248K, used 127013K [0x0000000080000000, 0x0000000100000000)
  region size 1024K, 2 young (2048K), 2 survivors (2048K)
 Metaspace       used 104422K, committed 105152K, reserved 1179648K
  class space    used 14969K, committed 15296K, reserved 1048576K
}
Event: 22.607 GC heap before
{Heap before GC invocations=44 (full 0):
 garbage-first heap   total 181248K, used 133157K [0x0000000080000000, 0x0000000100000000)
  region size 1024K, 2 young (2048K), 2 survivors (2048K)
 Metaspace       used 104422K, committed 105152K, reserved 1179648K
  class space    used 14969K, committed 15296K, reserved 1048576K
}
Event: 22.611 GC heap after
{Heap after GC invocations=45 (full 0):
 garbage-first heap   total 444416K, used 132978K [0x0000000080000000, 0x0000000100000000)
  region size 1024K, 2 young (2048K), 2 survivors (2048K)
 Metaspace       used 104422K, committed 105152K, reserved 1179648K
  class space    used 14969K, committed 15296K, reserved 1048576K
}
Event: 24.261 GC heap before
{Heap before GC invocations=45 (full 0):
 garbage-first heap   total 444416K, used 285554K [0x0000000080000000, 0x0000000100000000)
  region size 1024K, 151 young (154624K), 2 survivors (2048K)
 Metaspace       used 120457K, committed 121216K, reserved 1179648K
  class space    used 16717K, committed 17088K, reserved 1048576K
}
Event: 24.271 GC heap after
{Heap after GC invocations=46 (full 0):
 garbage-first heap   total 444416K, used 143546K [0x0000000080000000, 0x0000000100000000)
  region size 1024K, 11 young (11264K), 11 survivors (11264K)
 Metaspace       used 120457K, committed 121216K, reserved 1179648K
  class space    used 16717K, committed 17088K, reserved 1048576K
}
Event: 26.011 GC heap before
{Heap before GC invocations=47 (full 0):
 garbage-first heap   total 444416K, used 325818K [0x0000000080000000, 0x0000000100000000)
  region size 1024K, 188 young (192512K), 11 survivors (11264K)
 Metaspace       used 137926K, committed 138688K, reserved 1179648K
  class space    used 18576K, committed 18944K, reserved 1048576K
}
Event: 26.024 GC heap after
{Heap after GC invocations=48 (full 0):
 garbage-first heap   total 444416K, used 152004K [0x0000000080000000, 0x0000000100000000)
  region size 1024K, 19 young (19456K), 19 survivors (19456K)
 Metaspace       used 137926K, committed 138688K, reserved 1179648K
  class space    used 18576K, committed 18944K, reserved 1048576K
}
Event: 26.053 GC heap before
{Heap before GC invocations=48 (full 0):
 garbage-first heap   total 444416K, used 154052K [0x0000000080000000, 0x0000000100000000)
  region size 1024K, 21 young (21504K), 19 survivors (19456K)
 Metaspace       used 138192K, committed 138944K, reserved 1179648K
  class space    used 18601K, committed 18944K, reserved 1048576K
}
Event: 26.063 GC heap after
{Heap after GC invocations=49 (full 0):
 garbage-first heap   total 444416K, used 152489K [0x0000000080000000, 0x0000000100000000)
  region size 1024K, 2 young (2048K), 2 survivors (2048K)
 Metaspace       used 138192K, committed 138944K, reserved 1179648K
  class space    used 18601K, committed 18944K, reserved 1048576K
}

