# JRE version: OpenJDK Runtime Environment Microsoft-8902769 (17.0.10+7) (build 17.0.10+7-LTS)
# Java VM: OpenJDK 64-Bit Server VM Microsoft-8902769 (17.0.10+7-LTS, mixed mode, sharing, tiered, compressed oops, compressed class ptrs, g1 gc, windows-amd64)
GC Precious Log:
 CPUs: 12 total, 12 available
 Memory: 7916M
 Large Page Support: Disabled
 NUMA Support: Disabled
 Compressed Oops: Enabled (32-bit)
 Heap Region Size: 1M
 Heap Min Capacity: 8M
 Heap Initial Capacity: 124M
 Heap Max Capacity: 2G
 Pre-touch: Disabled
 Parallel Workers: 10
 Concurrent Workers: 3
 Concurrent Refinement Workers: 10
 Periodic GC: Disabled
Heap:
 garbage-first heap   total 549888K, used 169812K [0x0000000080000000, 0x0000000100000000)
  region size 1024K, 21 young (21504K), 17 survivors (17408K)
 Metaspace       used 114088K, committed 115904K, reserved 1179648K
  class space    used 15621K, committed 16512K, reserved 1048576K
GC Heap History (20 events):
Event: 2665.467 GC heap before
{Heap before GC invocations=70 (full 0):
 garbage-first heap   total 549888K, used 483790K [0x0000000080000000, 0x0000000100000000)
  region size 1024K, 322 young (329728K), 9 survivors (9216K)
 Metaspace       used 112076K, committed 113536K, reserved 1179648K
  class space    used 15432K, committed 16192K, reserved 1048576K
}
Event: 2665.601 GC heap after
{Heap after GC invocations=71 (full 0):
 garbage-first heap   total 549888K, used 170244K [0x0000000080000000, 0x0000000100000000)
  region size 1024K, 20 young (20480K), 20 survivors (20480K)
 Metaspace       used 112076K, committed 113536K, reserved 1179648K
  class space    used 15432K, committed 16192K, reserved 1048576K
}
Event: 2665.670 GC heap before
{Heap before GC invocations=71 (full 0):
 garbage-first heap   total 549888K, used 176388K [0x0000000080000000, 0x0000000100000000)
  region size 1024K, 26 young (26624K), 20 survivors (20480K)
 Metaspace       used 112088K, committed 113536K, reserved 1179648K
  class space    used 15433K, committed 16192K, reserved 1048576K
}
Event: 2665.737 GC heap after
{Heap after GC invocations=72 (full 0):
 garbage-first heap   total 549888K, used 152812K [0x0000000080000000, 0x0000000100000000)
  region size 1024K, 4 young (4096K), 4 survivors (4096K)
 Metaspace       used 112088K, committed 113536K, reserved 1179648K
  class space    used 15433K, committed 16192K, reserved 1048576K
}
Event: 2667.448 GC heap before
{Heap before GC invocations=72 (full 0):
 garbage-first heap   total 549888K, used 200940K [0x0000000080000000, 0x0000000100000000)
  region size 1024K, 52 young (53248K), 4 survivors (4096K)
 Metaspace       used 112215K, committed 113664K, reserved 1179648K
  class space    used 15435K, committed 16192K, reserved 1048576K
}
Event: 2667.494 GC heap after
{Heap after GC invocations=73 (full 0):
 garbage-first heap   total 549888K, used 157278K [0x0000000080000000, 0x0000000100000000)
  region size 1024K, 8 young (8192K), 8 survivors (8192K)
 Metaspace       used 112215K, committed 113664K, reserved 1179648K
  class space    used 15435K, committed 16192K, reserved 1048576K
}
Event: 3039.362 GC heap before
{Heap before GC invocations=74 (full 0):
 garbage-first heap   total 549888K, used 431710K [0x0000000080000000, 0x0000000100000000)
  region size 1024K, 266 young (272384K), 8 survivors (8192K)
 Metaspace       used 112514K, committed 113984K, reserved 1179648K
  class space    used 15435K, committed 16192K, reserved 1048576K
}
Event: 3039.471 GC heap after
{Heap after GC invocations=75 (full 0):
 garbage-first heap   total 549888K, used 168944K [0x0000000080000000, 0x0000000100000000)
  region size 1024K, 15 young (15360K), 15 survivors (15360K)
 Metaspace       used 112514K, committed 113984K, reserved 1179648K
  class space    used 15435K, committed 16192K, reserved 1048576K
}
Event: 3039.657 GC heap before
{Heap before GC invocations=75 (full 0):
 garbage-first heap   total 549888K, used 180208K [0x0000000080000000, 0x0000000100000000)
  region size 1024K, 26 young (26624K), 15 survivors (15360K)
 Metaspace       used 112524K, committed 113984K, reserved 1179648K
  class space    used 15435K, committed 16192K, reserved 1048576K
}
Event: 3039.743 GC heap after
{Heap after GC invocations=76 (full 0):
 garbage-first heap   total 549888K, used 146695K [0x0000000080000000, 0x0000000100000000)
  region size 1024K, 4 young (4096K), 4 survivors (4096K)
 Metaspace       used 112524K, committed 113984K, reserved 1179648K
  class space    used 15435K, committed 16192K, reserved 1048576K
}
Event: 3040.731 GC heap before
{Heap before GC invocations=76 (full 0):
 garbage-first heap   total 549888K, used 230663K [0x0000000080000000, 0x0000000100000000)
  region size 1024K, 87 young (89088K), 4 survivors (4096K)
 Metaspace       used 112621K, committed 114048K, reserved 1179648K
  class space    used 15436K, committed 16192K, reserved 1048576K
}
Event: 3040.758 GC heap after
{Heap after GC invocations=77 (full 0):
 garbage-first heap   total 549888K, used 156213K [0x0000000080000000, 0x0000000100000000)
  region size 1024K, 14 young (14336K), 14 survivors (14336K)
 Metaspace       used 112621K, committed 114048K, reserved 1179648K
  class space    used 15436K, committed 16192K, reserved 1048576K
}
Event: 3751.726 GC heap before
{Heap before GC invocations=78 (full 0):
 garbage-first heap   total 549888K, used 427573K [0x0000000080000000, 0x0000000100000000)
  region size 1024K, 273 young (279552K), 14 survivors (14336K)
 Metaspace       used 112945K, committed 114432K, reserved 1179648K
  class space    used 15436K, committed 16192K, reserved 1048576K
}
Event: 3751.796 GC heap after
{Heap after GC invocations=79 (full 0):
 garbage-first heap   total 549888K, used 163394K [0x0000000080000000, 0x0000000100000000)
  region size 1024K, 20 young (20480K), 20 survivors (20480K)
 Metaspace       used 112945K, committed 114432K, reserved 1179648K
  class space    used 15436K, committed 16192K, reserved 1048576K
}
Event: 3751.910 GC heap before
{Heap before GC invocations=79 (full 0):
 garbage-first heap   total 549888K, used 169538K [0x0000000080000000, 0x0000000100000000)
  region size 1024K, 26 young (26624K), 20 survivors (20480K)
 Metaspace       used 112948K, committed 114432K, reserved 1179648K
  class space    used 15436K, committed 16192K, reserved 1048576K
}
Event: 3751.967 GC heap after
{Heap after GC invocations=80 (full 0):
 garbage-first heap   total 549888K, used 146128K [0x0000000080000000, 0x0000000100000000)
  region size 1024K, 4 young (4096K), 4 survivors (4096K)
 Metaspace       used 112948K, committed 114432K, reserved 1179648K
  class space    used 15436K, committed 16192K, reserved 1048576K
}
Event: 3752.983 GC heap before
{Heap before GC invocations=80 (full 0):
 garbage-first heap   total 549888K, used 238288K [0x0000000080000000, 0x0000000100000000)
  region size 1024K, 95 young (97280K), 4 survivors (4096K)
 Metaspace       used 113000K, committed 114496K, reserved 1179648K
  class space    used 15436K, committed 16192K, reserved 1048576K
}
Event: 3753.007 GC heap after
{Heap after GC invocations=81 (full 0):
 garbage-first heap   total 549888K, used 156248K [0x0000000080000000, 0x0000000100000000)
  region size 1024K, 14 young (14336K), 14 survivors (14336K)
 Metaspace       used 113000K, committed 114496K, reserved 1179648K
  class space    used 15436K, committed 16192K, reserved 1048576K
}
Event: 5011.727 GC heap before
{Heap before GC invocations=82 (full 0):
 garbage-first heap   total 549888K, used 426584K [0x0000000080000000, 0x0000000100000000)
  region size 1024K, 265 young (271360K), 14 survivors (14336K)
 Metaspace       used 114031K, committed 115840K, reserved 1179648K
  class space    used 15610K, committed 16512K, reserved 1048576K
}
Event: 5011.981 GC heap after
{Heap after GC invocations=83 (full 0):
 garbage-first heap   total 549888K, used 166740K [0x0000000080000000, 0x0000000100000000)
  region size 1024K, 17 young (17408K), 17 survivors (17408K)
 Metaspace       used 114031K, committed 115840K, reserved 1179648K
  class space    used 15610K, committed 16512K, reserved 1048576K
}

